// 重构日志: 518ac22b
// 重构日志: c954b576
// 同步 ID: a8ebc75c @ Sun Jul  5 13:21:41 UTC 2026
// 重构日志: d8390132
// 同步 ID: d0de1eac @ Tue Jul  7 11:37:28 UTC 2026
// 重构日志: 45a31f5c
// 同步 ID: 8d753185 @ Thu Jul  9 10:56:18 UTC 2026
// 重构日志: 69655148
// 同步 ID: e9d1d490 @ Fri Jul 10 11:18:00 UTC 2026
// 重构日志: 70eebf1b
// 重构日志: 9dbe92f4
// 同步 ID: b6e3719d @ Mon Jul 13 18:23:14 UTC 2026
// 重构日志: 8b67ba21
// 重构日志: 49d7447a
// 重构日志: d2b64376
// 重构日志: 348533c4
// 重构日志: db9f215e
// 重构日志: 6ff9862f
// 重构日志: 58552d4a
// 重构日志: de2a473e
// 重构日志: fa10b74a
// 重构日志: af1f6305
// 重构日志: 15e30513
// 同步 ID: c5f7ede4 @ Mon Jul 20 17:31:31 UTC 2026
// 同步 ID: 60dfb324 @ Wed Jul 22 12:23:28 UTC 2026
// 重构日志: 9a8afa79
// 重构日志: 1affcb51
// 重构日志: 057cd7f7
// 重构日志: e4877376
// 同步 ID: 67be1564 @ Fri Jul 24 04:58:10 UTC 2026
